{"C:\\Users\\Kamil\\Desktop\\projekty_moje\\Store\\server\\models\\brand.js": {"path":"C:\\Users\\Kamil\\Desktop\\projekty_moje\\Store\\server\\models\\brand.js","statementMap":{"0":{"start":{"line":1,"column":17},"end":{"line":1,"column":36}},"1":{"start":{"line":4,"column":20},"end":{"line":12,"column":2}},"2":{"start":{"line":14,"column":14},"end":{"line":14,"column":50}},"3":{"start":{"line":17,"column":4},"end":{"line":17,"column":62}},"4":{"start":{"line":17,"column":26},"end":{"line":17,"column":61}},"5":{"start":{"line":18,"column":4},"end":{"line":18,"column":72}},"6":{"start":{"line":18,"column":36},"end":{"line":18,"column":71}},"7":{"start":{"line":21,"column":4},"end":{"line":21,"column":16}},"8":{"start":{"line":24,"column":0},"end":{"line":24,"column":22}},"9":{"start":{"line":25,"column":0},"end":{"line":25,"column":34}},"10":{"start":{"line":26,"column":0},"end":{"line":26,"column":38}}},"fnMap":{"0":{"name":"validateBrand","decl":{"start":{"line":16,"column":9},"end":{"line":16,"column":22}},"loc":{"start":{"line":16,"column":30},"end":{"line":22,"column":1}},"line":16}},"branchMap":{"0":{"loc":{"start":{"line":17,"column":4},"end":{"line":17,"column":62}},"type":"if","locations":[{"start":{"line":17,"column":4},"end":{"line":17,"column":62}},{"start":{"line":17,"column":4},"end":{"line":17,"column":62}}],"line":17},"1":{"loc":{"start":{"line":18,"column":4},"end":{"line":18,"column":72}},"type":"if","locations":[{"start":{"line":18,"column":4},"end":{"line":18,"column":72}},{"start":{"line":18,"column":4},"end":{"line":18,"column":72}}],"line":18}},"s":{"0":2,"1":2,"2":2,"3":7,"4":1,"5":6,"6":2,"7":4,"8":2,"9":2,"10":2},"f":{"0":7},"b":{"0":[1,6],"1":[2,4]},"_coverageSchema":"1a1c01bbd47fc00a2c39e90264f33305004495a9","hash":"c26cb96c8115396ba10a82e39adf8cc13d9ba913"}
,"C:\\Users\\Kamil\\Desktop\\projekty_moje\\Store\\server\\models\\model.js": {"path":"C:\\Users\\Kamil\\Desktop\\projekty_moje\\Store\\server\\models\\model.js","statementMap":{"0":{"start":{"line":1,"column":17},"end":{"line":1,"column":36}},"1":{"start":{"line":4,"column":20},"end":{"line":12,"column":2}},"2":{"start":{"line":14,"column":14},"end":{"line":14,"column":50}},"3":{"start":{"line":17,"column":4},"end":{"line":17,"column":63}},"4":{"start":{"line":17,"column":26},"end":{"line":17,"column":62}},"5":{"start":{"line":18,"column":4},"end":{"line":18,"column":73}},"6":{"start":{"line":18,"column":36},"end":{"line":18,"column":72}},"7":{"start":{"line":20,"column":4},"end":{"line":20,"column":16}},"8":{"start":{"line":23,"column":0},"end":{"line":23,"column":22}},"9":{"start":{"line":24,"column":0},"end":{"line":24,"column":34}},"10":{"start":{"line":25,"column":0},"end":{"line":25,"column":38}}},"fnMap":{"0":{"name":"validateModel","decl":{"start":{"line":16,"column":9},"end":{"line":16,"column":22}},"loc":{"start":{"line":16,"column":30},"end":{"line":21,"column":1}},"line":16}},"branchMap":{"0":{"loc":{"start":{"line":17,"column":4},"end":{"line":17,"column":63}},"type":"if","locations":[{"start":{"line":17,"column":4},"end":{"line":17,"column":63}},{"start":{"line":17,"column":4},"end":{"line":17,"column":63}}],"line":17},"1":{"loc":{"start":{"line":18,"column":4},"end":{"line":18,"column":73}},"type":"if","locations":[{"start":{"line":18,"column":4},"end":{"line":18,"column":73}},{"start":{"line":18,"column":4},"end":{"line":18,"column":73}}],"line":18}},"s":{"0":2,"1":2,"2":2,"3":7,"4":1,"5":6,"6":2,"7":4,"8":2,"9":2,"10":2},"f":{"0":7},"b":{"0":[1,6],"1":[2,4]},"_coverageSchema":"1a1c01bbd47fc00a2c39e90264f33305004495a9","hash":"68dacc36dd2c9d94b780498723960107b839eeab"}
,"C:\\Users\\Kamil\\Desktop\\projekty_moje\\Store\\server\\models\\product.js": {"path":"C:\\Users\\Kamil\\Desktop\\projekty_moje\\Store\\server\\models\\product.js","statementMap":{"0":{"start":{"line":1,"column":12},"end":{"line":1,"column":26}},"1":{"start":{"line":2,"column":17},"end":{"line":2,"column":36}},"2":{"start":{"line":3,"column":24},"end":{"line":3,"column":42}},"3":{"start":{"line":4,"column":24},"end":{"line":4,"column":42}},"4":{"start":{"line":8,"column":22},"end":{"line":32,"column":2}},"5":{"start":{"line":34,"column":16},"end":{"line":34,"column":56}},"6":{"start":{"line":38,"column":4},"end":{"line":38,"column":64}},"7":{"start":{"line":38,"column":26},"end":{"line":38,"column":63}},"8":{"start":{"line":40,"column":4},"end":{"line":40,"column":18}},"9":{"start":{"line":44,"column":0},"end":{"line":44,"column":26}},"10":{"start":{"line":45,"column":0},"end":{"line":45,"column":42}}},"fnMap":{"0":{"name":"validateProduct","decl":{"start":{"line":36,"column":9},"end":{"line":36,"column":24}},"loc":{"start":{"line":36,"column":34},"end":{"line":41,"column":1}},"line":36}},"branchMap":{"0":{"loc":{"start":{"line":38,"column":4},"end":{"line":38,"column":64}},"type":"if","locations":[{"start":{"line":38,"column":4},"end":{"line":38,"column":64}},{"start":{"line":38,"column":4},"end":{"line":38,"column":64}}],"line":38}},"s":{"0":1,"1":1,"2":1,"3":1,"4":1,"5":1,"6":2,"7":2,"8":0,"9":1,"10":1},"f":{"0":2},"b":{"0":[2,0]},"_coverageSchema":"1a1c01bbd47fc00a2c39e90264f33305004495a9","hash":"dde6b112b3df90ed50eebdaae0258a897e2c7c98"}
,"C:\\Users\\Kamil\\Desktop\\projekty_moje\\Store\\server\\models\\user.js": {"path":"C:\\Users\\Kamil\\Desktop\\projekty_moje\\Store\\server\\models\\user.js","statementMap":{"0":{"start":{"line":1,"column":12},"end":{"line":1,"column":26}},"1":{"start":{"line":2,"column":17},"end":{"line":2,"column":36}},"2":{"start":{"line":4,"column":19},"end":{"line":27,"column":2}},"3":{"start":{"line":29,"column":13},"end":{"line":29,"column":47}},"4":{"start":{"line":35,"column":4},"end":{"line":40,"column":5}},"5":{"start":{"line":36,"column":8},"end":{"line":36,"column":89}},"6":{"start":{"line":36,"column":34},"end":{"line":36,"column":88}},"7":{"start":{"line":37,"column":8},"end":{"line":37,"column":90}},"8":{"start":{"line":37,"column":35},"end":{"line":37,"column":89}},"9":{"start":{"line":38,"column":8},"end":{"line":38,"column":78}},"10":{"start":{"line":38,"column":39},"end":{"line":38,"column":77}},"11":{"start":{"line":39,"column":8},"end":{"line":39,"column":106}},"12":{"start":{"line":39,"column":47},"end":{"line":39,"column":105}},"13":{"start":{"line":42,"column":4},"end":{"line":46,"column":5}},"14":{"start":{"line":43,"column":8},"end":{"line":43,"column":130}},"15":{"start":{"line":43,"column":94},"end":{"line":43,"column":129}},"16":{"start":{"line":44,"column":8},"end":{"line":44,"column":78}},"17":{"start":{"line":44,"column":39},"end":{"line":44,"column":77}},"18":{"start":{"line":45,"column":8},"end":{"line":45,"column":64}},"19":{"start":{"line":45,"column":30},"end":{"line":45,"column":63}},"20":{"start":{"line":50,"column":4},"end":{"line":56,"column":5}},"21":{"start":{"line":51,"column":8},"end":{"line":51,"column":86}},"22":{"start":{"line":51,"column":37},"end":{"line":51,"column":85}},"23":{"start":{"line":52,"column":8},"end":{"line":52,"column":81}},"24":{"start":{"line":52,"column":42},"end":{"line":52,"column":80}},"25":{"start":{"line":53,"column":8},"end":{"line":53,"column":128}},"26":{"start":{"line":53,"column":40},"end":{"line":53,"column":127}},"27":{"start":{"line":54,"column":8},"end":{"line":54,"column":133}},"28":{"start":{"line":54,"column":45},"end":{"line":54,"column":132}},"29":{"start":{"line":55,"column":8},"end":{"line":55,"column":133}},"30":{"start":{"line":55,"column":45},"end":{"line":55,"column":132}},"31":{"start":{"line":58,"column":4},"end":{"line":60,"column":5}},"32":{"start":{"line":59,"column":8},"end":{"line":59,"column":123}},"33":{"start":{"line":59,"column":51},"end":{"line":59,"column":122}},"34":{"start":{"line":62,"column":4},"end":{"line":62,"column":15}},"35":{"start":{"line":67,"column":0},"end":{"line":67,"column":20}},"36":{"start":{"line":68,"column":0},"end":{"line":68,"column":36}}},"fnMap":{"0":{"name":"validateUser","decl":{"start":{"line":31,"column":9},"end":{"line":31,"column":21}},"loc":{"start":{"line":31,"column":28},"end":{"line":63,"column":1}},"line":31}},"branchMap":{"0":{"loc":{"start":{"line":35,"column":4},"end":{"line":40,"column":5}},"type":"if","locations":[{"start":{"line":35,"column":4},"end":{"line":40,"column":5}},{"start":{"line":35,"column":4},"end":{"line":40,"column":5}}],"line":35},"1":{"loc":{"start":{"line":35,"column":7},"end":{"line":35,"column":36}},"type":"binary-expr","locations":[{"start":{"line":35,"column":7},"end":{"line":35,"column":17}},{"start":{"line":35,"column":21},"end":{"line":35,"column":36}}],"line":35},"2":{"loc":{"start":{"line":36,"column":8},"end":{"line":36,"column":89}},"type":"if","locations":[{"start":{"line":36,"column":8},"end":{"line":36,"column":89}},{"start":{"line":36,"column":8},"end":{"line":36,"column":89}}],"line":36},"3":{"loc":{"start":{"line":37,"column":8},"end":{"line":37,"column":90}},"type":"if","locations":[{"start":{"line":37,"column":8},"end":{"line":37,"column":90}},{"start":{"line":37,"column":8},"end":{"line":37,"column":90}}],"line":37},"4":{"loc":{"start":{"line":38,"column":8},"end":{"line":38,"column":78}},"type":"if","locations":[{"start":{"line":38,"column":8},"end":{"line":38,"column":78}},{"start":{"line":38,"column":8},"end":{"line":38,"column":78}}],"line":38},"5":{"loc":{"start":{"line":39,"column":8},"end":{"line":39,"column":106}},"type":"if","locations":[{"start":{"line":39,"column":8},"end":{"line":39,"column":106}},{"start":{"line":39,"column":8},"end":{"line":39,"column":106}}],"line":39},"6":{"loc":{"start":{"line":42,"column":4},"end":{"line":46,"column":5}},"type":"if","locations":[{"start":{"line":42,"column":4},"end":{"line":46,"column":5}},{"start":{"line":42,"column":4},"end":{"line":46,"column":5}}],"line":42},"7":{"loc":{"start":{"line":42,"column":7},"end":{"line":42,"column":36}},"type":"binary-expr","locations":[{"start":{"line":42,"column":7},"end":{"line":42,"column":17}},{"start":{"line":42,"column":21},"end":{"line":42,"column":36}}],"line":42},"8":{"loc":{"start":{"line":43,"column":8},"end":{"line":43,"column":130}},"type":"if","locations":[{"start":{"line":43,"column":8},"end":{"line":43,"column":130}},{"start":{"line":43,"column":8},"end":{"line":43,"column":130}}],"line":43},"9":{"loc":{"start":{"line":44,"column":8},"end":{"line":44,"column":78}},"type":"if","locations":[{"start":{"line":44,"column":8},"end":{"line":44,"column":78}},{"start":{"line":44,"column":8},"end":{"line":44,"column":78}}],"line":44},"10":{"loc":{"start":{"line":45,"column":8},"end":{"line":45,"column":64}},"type":"if","locations":[{"start":{"line":45,"column":8},"end":{"line":45,"column":64}},{"start":{"line":45,"column":8},"end":{"line":45,"column":64}}],"line":45},"11":{"loc":{"start":{"line":50,"column":4},"end":{"line":56,"column":5}},"type":"if","locations":[{"start":{"line":50,"column":4},"end":{"line":56,"column":5}},{"start":{"line":50,"column":4},"end":{"line":56,"column":5}}],"line":50},"12":{"loc":{"start":{"line":50,"column":7},"end":{"line":50,"column":42}},"type":"binary-expr","locations":[{"start":{"line":50,"column":7},"end":{"line":50,"column":20}},{"start":{"line":50,"column":24},"end":{"line":50,"column":42}}],"line":50},"13":{"loc":{"start":{"line":51,"column":8},"end":{"line":51,"column":86}},"type":"if","locations":[{"start":{"line":51,"column":8},"end":{"line":51,"column":86}},{"start":{"line":51,"column":8},"end":{"line":51,"column":86}}],"line":51},"14":{"loc":{"start":{"line":52,"column":8},"end":{"line":52,"column":81}},"type":"if","locations":[{"start":{"line":52,"column":8},"end":{"line":52,"column":81}},{"start":{"line":52,"column":8},"end":{"line":52,"column":81}}],"line":52},"15":{"loc":{"start":{"line":53,"column":8},"end":{"line":53,"column":128}},"type":"if","locations":[{"start":{"line":53,"column":8},"end":{"line":53,"column":128}},{"start":{"line":53,"column":8},"end":{"line":53,"column":128}}],"line":53},"16":{"loc":{"start":{"line":54,"column":8},"end":{"line":54,"column":133}},"type":"if","locations":[{"start":{"line":54,"column":8},"end":{"line":54,"column":133}},{"start":{"line":54,"column":8},"end":{"line":54,"column":133}}],"line":54},"17":{"loc":{"start":{"line":55,"column":8},"end":{"line":55,"column":133}},"type":"if","locations":[{"start":{"line":55,"column":8},"end":{"line":55,"column":133}},{"start":{"line":55,"column":8},"end":{"line":55,"column":133}}],"line":55},"18":{"loc":{"start":{"line":58,"column":4},"end":{"line":60,"column":5}},"type":"if","locations":[{"start":{"line":58,"column":4},"end":{"line":60,"column":5}},{"start":{"line":58,"column":4},"end":{"line":60,"column":5}}],"line":58},"19":{"loc":{"start":{"line":58,"column":7},"end":{"line":58,"column":56}},"type":"binary-expr","locations":[{"start":{"line":58,"column":7},"end":{"line":58,"column":27}},{"start":{"line":58,"column":31},"end":{"line":58,"column":56}}],"line":58},"20":{"loc":{"start":{"line":59,"column":8},"end":{"line":59,"column":123}},"type":"if","locations":[{"start":{"line":59,"column":8},"end":{"line":59,"column":123}},{"start":{"line":59,"column":8},"end":{"line":59,"column":123}}],"line":59}},"s":{"0":1,"1":1,"2":1,"3":1,"4":34,"5":33,"6":3,"7":30,"8":1,"9":29,"10":3,"11":26,"12":3,"13":24,"14":23,"15":9,"16":14,"17":0,"18":14,"19":0,"20":15,"21":14,"22":2,"23":12,"24":2,"25":10,"26":2,"27":8,"28":1,"29":7,"30":1,"31":7,"32":6,"33":1,"34":6,"35":1,"36":1},"f":{"0":34},"b":{"0":[33,1],"1":[34,2],"2":[3,30],"3":[1,29],"4":[3,26],"5":[3,23],"6":[23,1],"7":[24,1],"8":[9,14],"9":[0,14],"10":[0,14],"11":[14,1],"12":[15,1],"13":[2,12],"14":[2,10],"15":[2,8],"16":[1,7],"17":[1,6],"18":[6,1],"19":[7,1],"20":[1,5]},"_coverageSchema":"1a1c01bbd47fc00a2c39e90264f33305004495a9","hash":"4fec7e6dd81d694fdf0bfef0838a4db93fee182f"}
}
