TN:
SF:models\brand.js
FN:20,validateBrand
FN:24,(anonymous_1)
FN:33,validateModel
FNF:3
FNH:1
FNDA:7,validateBrand
FNDA:0,(anonymous_1)
FNDA:0,validateModel
DA:1,2
DA:4,2
DA:18,2
DA:21,7
DA:22,6
DA:23,4
DA:24,0
DA:25,0
DA:30,4
DA:34,0
DA:35,0
DA:37,0
DA:40,2
DA:41,2
DA:42,2
DA:43,2
LF:16
LH:11
BRDA:21,0,0,1
BRDA:21,0,1,6
BRDA:22,1,0,2
BRDA:22,1,1,4
BRDA:23,2,0,0
BRDA:23,2,1,4
BRDA:23,3,0,4
BRDA:23,3,1,0
BRDA:25,4,0,0
BRDA:25,4,1,0
BRDA:25,5,0,0
BRDA:25,5,1,0
BRDA:34,6,0,0
BRDA:34,6,1,0
BRDA:35,7,0,0
BRDA:35,7,1,0
BRF:16
BRH:6
end_of_record
TN:
SF:models\product.js
FN:31,validateProduct
FNF:1
FNH:1
FNDA:2,validateProduct
DA:1,1
DA:2,1
DA:3,1
DA:7,1
DA:29,1
DA:33,2
DA:34,2
DA:35,0
DA:36,2
DA:41,0
DA:45,1
DA:46,1
LF:12
LH:10
BRDA:33,0,0,2
BRDA:33,0,1,0
BRDA:34,1,0,0
BRDA:34,1,1,2
BRDA:36,2,0,2
BRDA:36,2,1,0
BRDA:36,3,0,2
BRDA:36,3,1,0
BRDA:36,3,2,0
BRF:9
BRH:4
end_of_record
TN:
SF:models\singleSell.js
FN:41,validateSingleSell
FNF:1
FNH:1
FNDA:5,validateSingleSell
DA:1,1
DA:2,1
DA:5,1
DA:39,1
DA:42,5
DA:43,5
DA:44,5
DA:45,5
DA:46,5
DA:47,4
DA:48,1
DA:49,1
DA:51,1
DA:54,1
DA:55,1
LF:15
LH:15
BRDA:42,0,0,0
BRDA:42,0,1,5
BRDA:42,1,0,5
BRDA:42,1,1,5
BRDA:42,1,2,5
BRDA:43,2,0,0
BRDA:43,2,1,5
BRDA:43,3,0,5
BRDA:43,3,1,5
BRDA:43,3,2,5
BRDA:44,4,0,0
BRDA:44,4,1,5
BRDA:44,5,0,5
BRDA:44,5,1,5
BRDA:44,5,2,5
BRDA:45,6,0,0
BRDA:45,6,1,5
BRDA:45,7,0,5
BRDA:45,7,1,5
BRDA:45,7,2,5
BRDA:46,8,0,1
BRDA:46,8,1,4
BRDA:46,9,0,5
BRDA:46,9,1,4
BRDA:46,9,2,4
BRDA:46,9,3,4
BRDA:47,10,0,3
BRDA:47,10,1,1
BRDA:47,11,0,4
BRDA:47,11,1,4
BRDA:47,11,2,4
BRDA:47,11,3,2
BRDA:48,12,0,0
BRDA:48,12,1,1
BRDA:48,13,0,1
BRDA:48,13,1,1
BRDA:48,13,2,1
BRDA:48,14,0,1
BRDA:48,14,1,0
BRDA:49,15,0,0
BRDA:49,15,1,1
BRDA:49,16,0,1
BRDA:49,16,1,1
BRDA:49,16,2,1
BRDA:49,16,3,1
BRF:45
BRH:38
end_of_record
TN:
SF:models\user.js
FN:31,validateUser
FNF:1
FNH:1
FNDA:34,validateUser
DA:1,1
DA:2,1
DA:4,1
DA:29,1
DA:35,34
DA:36,33
DA:37,30
DA:38,29
DA:39,26
DA:42,24
DA:43,23
DA:44,14
DA:45,14
DA:50,15
DA:51,14
DA:52,12
DA:53,10
DA:54,8
DA:55,7
DA:58,7
DA:59,6
DA:62,6
DA:67,1
DA:68,1
LF:24
LH:24
BRDA:35,0,0,33
BRDA:35,0,1,1
BRDA:35,1,0,34
BRDA:35,1,1,2
BRDA:36,2,0,3
BRDA:36,2,1,30
BRDA:37,3,0,1
BRDA:37,3,1,29
BRDA:38,4,0,3
BRDA:38,4,1,26
BRDA:39,5,0,3
BRDA:39,5,1,23
BRDA:42,6,0,23
BRDA:42,6,1,1
BRDA:42,7,0,24
BRDA:42,7,1,1
BRDA:43,8,0,9
BRDA:43,8,1,14
BRDA:44,9,0,0
BRDA:44,9,1,14
BRDA:45,10,0,0
BRDA:45,10,1,14
BRDA:50,11,0,14
BRDA:50,11,1,1
BRDA:50,12,0,15
BRDA:50,12,1,1
BRDA:51,13,0,2
BRDA:51,13,1,12
BRDA:52,14,0,2
BRDA:52,14,1,10
BRDA:53,15,0,2
BRDA:53,15,1,8
BRDA:54,16,0,1
BRDA:54,16,1,7
BRDA:55,17,0,1
BRDA:55,17,1,6
BRDA:58,18,0,6
BRDA:58,18,1,1
BRDA:58,19,0,7
BRDA:58,19,1,1
BRDA:59,20,0,1
BRDA:59,20,1,5
BRF:42
BRH:40
end_of_record
