TN:
SF:models\brand.js
FN:16,validateBrand
FNF:1
FNH:1
FNDA:7,validateBrand
DA:1,2
DA:4,2
DA:14,2
DA:17,7
DA:18,6
DA:21,4
DA:24,2
DA:25,2
DA:26,2
LF:9
LH:9
BRDA:17,0,0,1
BRDA:17,0,1,6
BRDA:18,1,0,2
BRDA:18,1,1,4
BRF:4
BRH:4
end_of_record
TN:
SF:models\model.js
FN:16,validateModel
FNF:1
FNH:1
FNDA:7,validateModel
DA:1,2
DA:4,2
DA:14,2
DA:17,7
DA:18,6
DA:20,4
DA:23,2
DA:24,2
DA:25,2
LF:9
LH:9
BRDA:17,0,0,1
BRDA:17,0,1,6
BRDA:18,1,0,2
BRDA:18,1,1,4
BRF:4
BRH:4
end_of_record
TN:
SF:models\product.js
FN:36,validateProduct
FNF:1
FNH:1
FNDA:2,validateProduct
DA:1,1
DA:2,1
DA:3,1
DA:4,1
DA:8,1
DA:34,1
DA:38,2
DA:40,0
DA:44,1
DA:45,1
LF:10
LH:9
BRDA:38,0,0,2
BRDA:38,0,1,0
BRF:2
BRH:1
end_of_record
TN:
SF:models\user.js
FN:31,validateUser
FNF:1
FNH:1
FNDA:34,validateUser
DA:1,1
DA:2,1
DA:4,1
DA:29,1
DA:35,34
DA:36,33
DA:37,30
DA:38,29
DA:39,26
DA:42,24
DA:43,23
DA:44,14
DA:45,14
DA:50,15
DA:51,14
DA:52,12
DA:53,10
DA:54,8
DA:55,7
DA:58,7
DA:59,6
DA:62,6
DA:67,1
DA:68,1
LF:24
LH:24
BRDA:35,0,0,33
BRDA:35,0,1,1
BRDA:35,1,0,34
BRDA:35,1,1,2
BRDA:36,2,0,3
BRDA:36,2,1,30
BRDA:37,3,0,1
BRDA:37,3,1,29
BRDA:38,4,0,3
BRDA:38,4,1,26
BRDA:39,5,0,3
BRDA:39,5,1,23
BRDA:42,6,0,23
BRDA:42,6,1,1
BRDA:42,7,0,24
BRDA:42,7,1,1
BRDA:43,8,0,9
BRDA:43,8,1,14
BRDA:44,9,0,0
BRDA:44,9,1,14
BRDA:45,10,0,0
BRDA:45,10,1,14
BRDA:50,11,0,14
BRDA:50,11,1,1
BRDA:50,12,0,15
BRDA:50,12,1,1
BRDA:51,13,0,2
BRDA:51,13,1,12
BRDA:52,14,0,2
BRDA:52,14,1,10
BRDA:53,15,0,2
BRDA:53,15,1,8
BRDA:54,16,0,1
BRDA:54,16,1,7
BRDA:55,17,0,1
BRDA:55,17,1,6
BRDA:58,18,0,6
BRDA:58,18,1,1
BRDA:58,19,0,7
BRDA:58,19,1,1
BRDA:59,20,0,1
BRDA:59,20,1,5
BRF:42
BRH:40
end_of_record
